[2017-08-08 13:58:09 0.05931800] ======= FleaPHP Loaded =======
[2017-08-08 13:58:09] REQUEST_URI: /fleaphp/Example/MVC-Blog/index.php?controller=Post&action=index
[2017-08-08 13:58:09] [debug] :sql: SELECT VERSION()
[2017-08-08 13:58:09] [debug] :sql: SET NAMES 'utf8'
[2017-08-08 13:58:09] [debug] :sql: SHOW FULL COLUMNS FROM `mvcblog_posts`
[2017-08-08 13:58:09] [debug] :sql: SELECT  `mvcblog_posts`.* FROM `mvcblog_posts`  
[2017-08-08 13:58:09 0.18848100] ======= FleaPHP End (elapsed: 0.129163 seconds) =======

[2017-08-08 13:58:11 0.63758500] ======= FleaPHP Loaded =======
[2017-08-08 13:58:11] REQUEST_URI: /fleaphp/Example/MVC-Blog/index.php?controller=Post&action=Add
[2017-08-08 13:58:11] [debug] :sql: SELECT VERSION()
[2017-08-08 13:58:11] [debug] :sql: SET NAMES 'utf8'
[2017-08-08 13:58:11 0.65797900] ======= FleaPHP End (elapsed: 0.020394 seconds) =======

[2017-08-08 13:58:17 0.71846900] ======= FleaPHP Loaded =======
[2017-08-08 13:58:17] REQUEST_URI: /fleaphp/Example/MVC-Blog/index.php?controller=Post&action=Save
[2017-08-08 13:58:17] [debug] :sql: SELECT VERSION()
[2017-08-08 13:58:17] [debug] :sql: SET NAMES 'utf8'
[2017-08-08 13:58:17] [debug] :sql: INSERT INTO `mvcblog_posts` (`title`, `body`, `created`, `updated`) VALUES ('1111111','11111111111','2017-08-08 13:58:17','2017-08-08 13:58:17')
[2017-08-08 13:58:17 0.77862400] ======= FleaPHP End (elapsed: 0.060155 seconds) =======

[2017-08-08 13:58:17 0.79151500] ======= FleaPHP Loaded =======
[2017-08-08 13:58:17] REQUEST_URI: /fleaphp/Example/MVC-Blog/index.php?controller=Post&action=Index
[2017-08-08 13:58:17] [debug] :sql: SELECT VERSION()
[2017-08-08 13:58:17] [debug] :sql: SET NAMES 'utf8'
[2017-08-08 13:58:17] [debug] :sql: SELECT  `mvcblog_posts`.* FROM `mvcblog_posts`  
[2017-08-08 13:58:17 0.81559500] ======= FleaPHP End (elapsed: 0.024080 seconds) =======

[2017-08-08 13:58:20 0.23803600] ======= FleaPHP Loaded =======
[2017-08-08 13:58:20] REQUEST_URI: /fleaphp/Example/MVC-Blog/index.php?controller=Post&action=View&id=1
[2017-08-08 13:58:20] [debug] :sql: SELECT VERSION()
[2017-08-08 13:58:20] [debug] :sql: SET NAMES 'utf8'
[2017-08-08 13:58:20] [debug] :sql: SHOW FULL COLUMNS FROM `mvcblog_posts`
[2017-08-08 13:58:20] [debug] :sql: SELECT  `mvcblog_posts`.* FROM `mvcblog_posts`  WHERE `mvcblog_posts`.`id` = 1  LIMIT 1
[2017-08-08 13:58:20 0.26469500] ======= FleaPHP End (elapsed: 0.026659 seconds) =======

[2017-08-08 13:58:21 0.98074900] ======= FleaPHP Loaded =======
[2017-08-08 13:58:21] REQUEST_URI: /fleaphp/Example/MVC-Blog/index.php?controller=Post&action=Index
[2017-08-08 13:58:21] [debug] :sql: SELECT VERSION()
[2017-08-08 13:58:22] [debug] :sql: SET NAMES 'utf8'
[2017-08-08 13:58:22] [debug] :sql: SELECT  `mvcblog_posts`.* FROM `mvcblog_posts`  
[2017-08-08 13:58:22 0.00267700] ======= FleaPHP End (elapsed: 0.021928 seconds) =======

[2017-08-08 14:41:15 0.15549900] ======= FleaPHP Loaded =======
[2017-08-08 14:41:15] REQUEST_URI: /fleaphp/Example/Album/index.php
[2017-08-08 14:41:15] [debug] :sql: SELECT VERSION()
[2017-08-08 14:41:15] [debug] :sql: SET NAMES 'utf8'
[2017-08-08 14:41:15] [debug] :sql: SHOW FULL COLUMNS FROM `album_albums`
[2017-08-08 14:41:15] [debug] :sql: SELECT  `album_albums`.`album_id` AS flea_pkref_album_id, `album_albums`.* FROM `album_albums`   ORDER BY created DESC
[2017-08-08 14:41:15 0.54361800] ======= FleaPHP End (elapsed: 0.388119 seconds) =======

[2017-08-08 14:41:21 0.37738500] ======= FleaPHP Loaded =======
[2017-08-08 14:41:21] REQUEST_URI: /fleaphp/Example/Album/index.php?controller=manage&action=newalbum
[2017-08-08 14:41:21] [debug] :sql: SELECT VERSION()
[2017-08-08 14:41:21] [debug] :sql: SET NAMES 'utf8'
[2017-08-08 14:41:21] [debug] :sql: INSERT INTO `album_albums` (`title`, `photos_count`, `created`) VALUES ('11',0,1502174481)
[2017-08-08 14:41:21 0.39662700] ======= FleaPHP End (elapsed: 0.019242 seconds) =======

[2017-08-08 14:41:21 0.40496900] ======= FleaPHP Loaded =======
[2017-08-08 14:41:21] REQUEST_URI: /fleaphp/Example/Album/index.php?controller=default&action=index
[2017-08-08 14:41:21] [debug] :sql: SELECT VERSION()
[2017-08-08 14:41:21] [debug] :sql: SET NAMES 'utf8'
[2017-08-08 14:41:21] [debug] :sql: SELECT  `album_albums`.`album_id` AS flea_pkref_album_id, `album_albums`.* FROM `album_albums`   ORDER BY created DESC
[2017-08-08 14:41:21] [debug] :sql: SHOW FULL COLUMNS FROM `album_photos`
[2017-08-08 14:41:21] [debug] :sql: SELECT `album_photos`.`album_id` AS flea_pkref_album_id, `album_photos`.`thumb_filename` FROM `album_photos`  WHERE `album_photos`.`album_id` IN ('1') ORDER BY created DESC
[2017-08-08 14:41:21 0.51640500] ======= FleaPHP End (elapsed: 0.111436 seconds) =======

[2017-08-08 14:41:22 0.84040100] ======= FleaPHP Loaded =======
[2017-08-08 14:41:22] REQUEST_URI: /fleaphp/Example/Album/index.php?controller=default&action=album&id=1
[2017-08-08 14:41:22] [debug] :sql: SELECT VERSION()
[2017-08-08 14:41:22] [debug] :sql: SET NAMES 'utf8'
[2017-08-08 14:41:22] [debug] :sql: SELECT  `album_albums`.`album_id` AS flea_pkref_album_id, `album_albums`.* FROM `album_albums`  WHERE `album_albums`.`album_id` = 1  LIMIT 1
[2017-08-08 14:41:22] [debug] :sql: SELECT `album_photos`.`album_id` AS flea_pkref_album_id, `album_photos`.* FROM `album_photos`  WHERE `album_photos`.`album_id` IN ('1') ORDER BY created DESC
[2017-08-08 14:41:22 0.90986300] ======= FleaPHP End (elapsed: 0.069462 seconds) =======

[2017-08-08 14:41:28 0.41596600] ======= FleaPHP Loaded =======
[2017-08-08 14:41:28] REQUEST_URI: /fleaphp/Example/Album/index.php?controller=manage&action=upload&id=1
[2017-08-08 14:41:28] [debug] :sql: SELECT VERSION()
[2017-08-08 14:41:28] [debug] :sql: SET NAMES 'utf8'
[2017-08-08 14:41:28] [debug] :sql: SHOW FULL COLUMNS FROM `album_albums`
[2017-08-08 14:41:28] [debug] :sql: SELECT  `album_albums`.`album_id` FROM `album_albums`  WHERE `album_albums`.`album_id` = 1  LIMIT 1
[2017-08-08 14:41:28] [debug] :sql: INSERT INTO `album_photos` (`album_id`, `title`, `filesize`, `photo_filename`, `thumb_filename`, `created`) VALUES (1,'QQ截图20160524160041.jpg',31745,'2017-08/75a50e4ea8429e29dfa69f8b7e270411.jpg','2017-08/t-75a50e4ea8429e29dfa69f8b7e270411.jpg',1502174488)
[2017-08-08 14:41:28] [debug] :sql: SELECT COUNT(`album_photos`.`photo_id`) FROM `album_photos` WHERE `album_photos`.`album_id` = 1
[2017-08-08 14:41:28] [debug] :sql: UPDATE `album_albums` SET `photos_count`=1 WHERE `album_albums`.`album_id` = '1'
[2017-08-08 14:41:28 0.64081900] ======= FleaPHP End (elapsed: 0.224853 seconds) =======

[2017-08-08 14:41:28 0.65613500] ======= FleaPHP Loaded =======
[2017-08-08 14:41:28] REQUEST_URI: /fleaphp/Example/Album/index.php?controller=default&action=album&id=1
[2017-08-08 14:41:28] [debug] :sql: SELECT VERSION()
[2017-08-08 14:41:28] [debug] :sql: SET NAMES 'utf8'
[2017-08-08 14:41:28] [debug] :sql: SELECT  `album_albums`.`album_id` AS flea_pkref_album_id, `album_albums`.* FROM `album_albums`  WHERE `album_albums`.`album_id` = 1  LIMIT 1
[2017-08-08 14:41:28] [debug] :sql: SELECT `album_photos`.`album_id` AS flea_pkref_album_id, `album_photos`.* FROM `album_photos`  WHERE `album_photos`.`album_id` IN ('1') ORDER BY created DESC
[2017-08-08 14:41:28 0.67711400] ======= FleaPHP End (elapsed: 0.020979 seconds) =======

[2017-08-08 14:44:15 0.72837200] ======= FleaPHP Loaded =======
[2017-08-08 14:44:15] REQUEST_URI: /fleaphp/Example/Album/index.php?controller=manage&action=upload&id=1
[2017-08-08 14:44:15] [debug] :sql: SELECT VERSION()
[2017-08-08 14:44:15] [debug] :sql: SET NAMES 'utf8'
[2017-08-08 14:44:15] [debug] :sql: SHOW FULL COLUMNS FROM `album_albums`
[2017-08-08 14:44:15] [debug] :sql: SELECT  `album_albums`.`album_id` FROM `album_albums`  WHERE `album_albums`.`album_id` = 1  LIMIT 1
[2017-08-08 14:44:15] [debug] :sql: SHOW FULL COLUMNS FROM `album_photos`
[2017-08-08 14:44:15] [debug] :sql: INSERT INTO `album_photos` (`album_id`, `title`, `filesize`, `photo_filename`, `thumb_filename`, `created`) VALUES (1,'QQ截图20160524160050.jpg',39589,'2017-08/b6ebeceabd10f47629073c106a5c1003.jpg','2017-08/t-b6ebeceabd10f47629073c106a5c1003.jpg',1502174655)
[2017-08-08 14:44:15] [debug] :sql: SELECT COUNT(`album_photos`.`photo_id`) FROM `album_photos` WHERE `album_photos`.`album_id` = 1
[2017-08-08 14:44:15] [debug] :sql: UPDATE `album_albums` SET `photos_count`=2 WHERE `album_albums`.`album_id` = '1'
[2017-08-08 14:44:15 0.81699800] ======= FleaPHP End (elapsed: 0.088626 seconds) =======

[2017-08-08 14:44:15 0.82427400] ======= FleaPHP Loaded =======
[2017-08-08 14:44:15] REQUEST_URI: /fleaphp/Example/Album/index.php?controller=default&action=album&id=1
[2017-08-08 14:44:15] [debug] :sql: SELECT VERSION()
[2017-08-08 14:44:15] [debug] :sql: SET NAMES 'utf8'
[2017-08-08 14:44:15] [debug] :sql: SELECT  `album_albums`.`album_id` AS flea_pkref_album_id, `album_albums`.* FROM `album_albums`  WHERE `album_albums`.`album_id` = 1  LIMIT 1
[2017-08-08 14:44:15] [debug] :sql: SELECT `album_photos`.`album_id` AS flea_pkref_album_id, `album_photos`.* FROM `album_photos`  WHERE `album_photos`.`album_id` IN ('1') ORDER BY created DESC
[2017-08-08 14:44:15 0.84622200] ======= FleaPHP End (elapsed: 0.021948 seconds) =======

[2017-08-08 14:44:18 0.70913100] ======= FleaPHP Loaded =======
[2017-08-08 14:44:18] REQUEST_URI: /fleaphp/Example/Album/index.php?controller=default&action=index
[2017-08-08 14:44:18] [debug] :sql: SELECT VERSION()
[2017-08-08 14:44:18] [debug] :sql: SET NAMES 'utf8'
[2017-08-08 14:44:18] [debug] :sql: SELECT  `album_albums`.`album_id` AS flea_pkref_album_id, `album_albums`.* FROM `album_albums`   ORDER BY created DESC
[2017-08-08 14:44:18] [debug] :sql: SELECT `album_photos`.`album_id` AS flea_pkref_album_id, `album_photos`.`thumb_filename` FROM `album_photos`  WHERE `album_photos`.`album_id` IN ('1') ORDER BY created DESC
[2017-08-08 14:44:18 0.73250200] ======= FleaPHP End (elapsed: 0.023371 seconds) =======

[2017-08-08 14:44:27 0.15196600] ======= FleaPHP Loaded =======
[2017-08-08 14:44:27] REQUEST_URI: /fleaphp/Example/Album/index.php?controller=manage&action=newalbum
[2017-08-08 14:44:27] [debug] :sql: SELECT VERSION()
[2017-08-08 14:44:27] [debug] :sql: SET NAMES 'utf8'
[2017-08-08 14:44:27] [debug] :sql: SHOW FULL COLUMNS FROM `album_albums`
[2017-08-08 14:44:27] [debug] :sql: INSERT INTO `album_albums` (`title`, `photos_count`, `created`) VALUES ('22',0,1502174667)
[2017-08-08 14:44:27 0.24141700] ======= FleaPHP End (elapsed: 0.089451 seconds) =======

[2017-08-08 14:44:27 0.25260800] ======= FleaPHP Loaded =======
[2017-08-08 14:44:27] REQUEST_URI: /fleaphp/Example/Album/index.php?controller=default&action=index
[2017-08-08 14:44:27] [debug] :sql: SELECT VERSION()
[2017-08-08 14:44:27] [debug] :sql: SET NAMES 'utf8'
[2017-08-08 14:44:27] [debug] :sql: SELECT  `album_albums`.`album_id` AS flea_pkref_album_id, `album_albums`.* FROM `album_albums`   ORDER BY created DESC
[2017-08-08 14:44:27] [debug] :sql: SHOW FULL COLUMNS FROM `album_photos`
[2017-08-08 14:44:27] [debug] :sql: SELECT `album_photos`.`album_id` AS flea_pkref_album_id, `album_photos`.`thumb_filename` FROM `album_photos`  WHERE `album_photos`.`album_id` IN ('2','1') ORDER BY created DESC
[2017-08-08 14:44:27 0.29792500] ======= FleaPHP End (elapsed: 0.045317 seconds) =======

[2017-08-08 14:44:28 0.50408000] ======= FleaPHP Loaded =======
[2017-08-08 14:44:28] REQUEST_URI: /fleaphp/Example/Album/index.php?controller=default&action=album&id=2
[2017-08-08 14:44:28] [debug] :sql: SELECT VERSION()
[2017-08-08 14:44:28] [debug] :sql: SET NAMES 'utf8'
[2017-08-08 14:44:28] [debug] :sql: SELECT  `album_albums`.`album_id` AS flea_pkref_album_id, `album_albums`.* FROM `album_albums`  WHERE `album_albums`.`album_id` = 2  LIMIT 1
[2017-08-08 14:44:28] [debug] :sql: SELECT `album_photos`.`album_id` AS flea_pkref_album_id, `album_photos`.* FROM `album_photos`  WHERE `album_photos`.`album_id` IN ('2') ORDER BY created DESC
[2017-08-08 14:44:28 0.52684400] ======= FleaPHP End (elapsed: 0.022764 seconds) =======

[2017-08-08 14:44:33 0.28026900] ======= FleaPHP Loaded =======
[2017-08-08 14:44:33] REQUEST_URI: /fleaphp/Example/Album/index.php?controller=manage&action=upload&id=2
[2017-08-08 14:44:33] [debug] :sql: SELECT VERSION()
[2017-08-08 14:44:33] [debug] :sql: SET NAMES 'utf8'
[2017-08-08 14:44:33] [debug] :sql: SELECT  `album_albums`.`album_id` FROM `album_albums`  WHERE `album_albums`.`album_id` = 2  LIMIT 1
[2017-08-08 14:44:33] [debug] :sql: INSERT INTO `album_photos` (`album_id`, `title`, `filesize`, `photo_filename`, `thumb_filename`, `created`) VALUES (2,'QQ截图20160524160100.jpg',23948,'2017-08/fb84bc69f0a51c88180ab0317bec357b.jpg','2017-08/t-fb84bc69f0a51c88180ab0317bec357b.jpg',1502174673)
[2017-08-08 14:44:33] [debug] :sql: SELECT COUNT(`album_photos`.`photo_id`) FROM `album_photos` WHERE `album_photos`.`album_id` = 2
[2017-08-08 14:44:33] [debug] :sql: UPDATE `album_albums` SET `photos_count`=1 WHERE `album_albums`.`album_id` = '2'
[2017-08-08 14:44:33 0.35457200] ======= FleaPHP End (elapsed: 0.074303 seconds) =======

[2017-08-08 14:44:33 0.36178100] ======= FleaPHP Loaded =======
[2017-08-08 14:44:33] REQUEST_URI: /fleaphp/Example/Album/index.php?controller=default&action=album&id=2
[2017-08-08 14:44:33] [debug] :sql: SELECT VERSION()
[2017-08-08 14:44:33] [debug] :sql: SET NAMES 'utf8'
[2017-08-08 14:44:33] [debug] :sql: SELECT  `album_albums`.`album_id` AS flea_pkref_album_id, `album_albums`.* FROM `album_albums`  WHERE `album_albums`.`album_id` = 2  LIMIT 1
[2017-08-08 14:44:33] [debug] :sql: SELECT `album_photos`.`album_id` AS flea_pkref_album_id, `album_photos`.* FROM `album_photos`  WHERE `album_photos`.`album_id` IN ('2') ORDER BY created DESC
[2017-08-08 14:44:33 0.38384500] ======= FleaPHP End (elapsed: 0.022064 seconds) =======

[2017-08-08 14:44:36 0.10855200] ======= FleaPHP Loaded =======
[2017-08-08 14:44:36] REQUEST_URI: /fleaphp/Example/Album/index.php?controller=default&action=index
[2017-08-08 14:44:36] [debug] :sql: SELECT VERSION()
[2017-08-08 14:44:36] [debug] :sql: SET NAMES 'utf8'
[2017-08-08 14:44:36] [debug] :sql: SELECT  `album_albums`.`album_id` AS flea_pkref_album_id, `album_albums`.* FROM `album_albums`   ORDER BY created DESC
[2017-08-08 14:44:36] [debug] :sql: SELECT `album_photos`.`album_id` AS flea_pkref_album_id, `album_photos`.`thumb_filename` FROM `album_photos`  WHERE `album_photos`.`album_id` IN ('2','1') ORDER BY created DESC
[2017-08-08 14:44:36 0.13146700] ======= FleaPHP End (elapsed: 0.022915 seconds) =======

[2017-08-08 14:44:50 0.76726800] ======= FleaPHP Loaded =======
[2017-08-08 14:44:50] REQUEST_URI: /fleaphp/Example/Album/index.php?controller=default&action=album&id=2
[2017-08-08 14:44:50] [debug] :sql: SELECT VERSION()
[2017-08-08 14:44:50] [debug] :sql: SET NAMES 'utf8'
[2017-08-08 14:44:50] [debug] :sql: SHOW FULL COLUMNS FROM `album_albums`
[2017-08-08 14:44:50] [debug] :sql: SELECT  `album_albums`.`album_id` AS flea_pkref_album_id, `album_albums`.* FROM `album_albums`  WHERE `album_albums`.`album_id` = 2  LIMIT 1
[2017-08-08 14:44:50] [debug] :sql: SHOW FULL COLUMNS FROM `album_photos`
[2017-08-08 14:44:50] [debug] :sql: SELECT `album_photos`.`album_id` AS flea_pkref_album_id, `album_photos`.* FROM `album_photos`  WHERE `album_photos`.`album_id` IN ('2') ORDER BY created DESC
[2017-08-08 14:44:50 0.80264800] ======= FleaPHP End (elapsed: 0.035380 seconds) =======

[2017-08-08 14:44:52 0.27693200] ======= FleaPHP Loaded =======
[2017-08-08 14:44:52] REQUEST_URI: /fleaphp/Example/Album/index.php?controller=default&action=index
[2017-08-08 14:44:52] [debug] :sql: SELECT VERSION()
[2017-08-08 14:44:52] [debug] :sql: SET NAMES 'utf8'
[2017-08-08 14:44:52] [debug] :sql: SELECT  `album_albums`.`album_id` AS flea_pkref_album_id, `album_albums`.* FROM `album_albums`   ORDER BY created DESC
[2017-08-08 14:44:52] [debug] :sql: SELECT `album_photos`.`album_id` AS flea_pkref_album_id, `album_photos`.`thumb_filename` FROM `album_photos`  WHERE `album_photos`.`album_id` IN ('2','1') ORDER BY created DESC
[2017-08-08 14:44:52 0.29908200] ======= FleaPHP End (elapsed: 0.022150 seconds) =======

[2017-08-08 14:44:53 0.01310200] ======= FleaPHP Loaded =======
[2017-08-08 14:44:53] REQUEST_URI: /fleaphp/Example/Album/index.php?controller=default&action=album&id=1
[2017-08-08 14:44:53] [debug] :sql: SELECT VERSION()
[2017-08-08 14:44:53] [debug] :sql: SET NAMES 'utf8'
[2017-08-08 14:44:53] [debug] :sql: SELECT  `album_albums`.`album_id` AS flea_pkref_album_id, `album_albums`.* FROM `album_albums`  WHERE `album_albums`.`album_id` = 1  LIMIT 1
[2017-08-08 14:44:53] [debug] :sql: SELECT `album_photos`.`album_id` AS flea_pkref_album_id, `album_photos`.* FROM `album_photos`  WHERE `album_photos`.`album_id` IN ('1') ORDER BY created DESC
[2017-08-08 14:44:53 0.03693800] ======= FleaPHP End (elapsed: 0.023836 seconds) =======

[2017-08-08 14:45:00 0.04483400] ======= FleaPHP Loaded =======
[2017-08-08 14:45:00] REQUEST_URI: /fleaphp/Example/Album/index.php?controller=default&action=index
[2017-08-08 14:45:00] [debug] :sql: SELECT VERSION()
[2017-08-08 14:45:00] [debug] :sql: SET NAMES 'utf8'
[2017-08-08 14:45:00] [debug] :sql: SHOW FULL COLUMNS FROM `album_albums`
[2017-08-08 14:45:00] [debug] :sql: SELECT  `album_albums`.`album_id` AS flea_pkref_album_id, `album_albums`.* FROM `album_albums`   ORDER BY created DESC
[2017-08-08 14:45:00] [debug] :sql: SHOW FULL COLUMNS FROM `album_photos`
[2017-08-08 14:45:00] [debug] :sql: SELECT `album_photos`.`album_id` AS flea_pkref_album_id, `album_photos`.`thumb_filename` FROM `album_photos`  WHERE `album_photos`.`album_id` IN ('2','1') ORDER BY created DESC
[2017-08-08 14:45:00 0.07910700] ======= FleaPHP End (elapsed: 0.034273 seconds) =======

[2017-08-08 17:27:48 0.34815900] ======= FleaPHP Loaded =======
[2017-08-08 17:27:48] REQUEST_URI: /fleaphp/Example/Album/index.php?controller=default&action=index
[2017-08-08 17:27:48] [debug] :sql: SELECT VERSION()
[2017-08-08 17:27:48] [debug] :sql: SET NAMES 'utf8'
[2017-08-08 17:27:48] [debug] :sql: SHOW FULL COLUMNS FROM `album_albums`
[2017-08-08 17:27:48] [debug] :sql: SELECT  `album_albums`.`album_id` AS flea_pkref_album_id, `album_albums`.* FROM `album_albums`   ORDER BY created DESC
[2017-08-08 17:27:48] [debug] :sql: SHOW FULL COLUMNS FROM `album_photos`
[2017-08-08 17:27:48] [debug] :sql: SELECT `album_photos`.`album_id` AS flea_pkref_album_id, `album_photos`.`thumb_filename` FROM `album_photos`  WHERE `album_photos`.`album_id` IN ('2','1') ORDER BY created DESC
[2017-08-08 17:27:48 0.49151500] ======= FleaPHP End (elapsed: 0.143356 seconds) =======

[2017-08-10 16:21:58 0.02705700] ======= FleaPHP Loaded =======
[2017-08-10 16:21:58] REQUEST_URI: /fleaphp/Example/Album/
[2017-08-10 16:21:58] [debug] :sql: SELECT VERSION()
[2017-08-10 16:21:58] [debug] :sql: SET NAMES 'utf8'
[2017-08-10 16:21:58] [debug] :sql: SHOW FULL COLUMNS FROM `album_albums`
[2017-08-10 16:21:58] [debug] :sql: SELECT  `album_albums`.`album_id` AS flea_pkref_album_id, `album_albums`.* FROM `album_albums`   ORDER BY created DESC
[2017-08-10 16:21:58] [debug] :sql: SHOW FULL COLUMNS FROM `album_photos`
[2017-08-10 16:21:58] [debug] :sql: SELECT `album_photos`.`album_id` AS flea_pkref_album_id, `album_photos`.`thumb_filename` FROM `album_photos`  WHERE `album_photos`.`album_id` IN ('2','1') ORDER BY created DESC
[2017-08-10 16:21:58 0.23105000] ======= FleaPHP End (elapsed: 0.203993 seconds) =======

[2017-08-10 16:22:13 0.58076600] ======= FleaPHP Loaded =======
[2017-08-10 16:22:13] REQUEST_URI: /fleaphp/Example/Album/
[2017-08-10 16:22:13] [debug] :sql: SELECT VERSION()
[2017-08-10 16:22:13] [debug] :sql: SET NAMES 'utf8'
[2017-08-10 16:22:13] [debug] :sql: SHOW FULL COLUMNS FROM `album_albums`
[2017-08-10 16:22:13] [debug] :sql: SELECT  `album_albums`.`album_id` AS flea_pkref_album_id, `album_albums`.* FROM `album_albums`   ORDER BY created DESC
[2017-08-10 16:22:13] [debug] :sql: SHOW FULL COLUMNS FROM `album_photos`
[2017-08-10 16:22:13] [debug] :sql: SELECT `album_photos`.`album_id` AS flea_pkref_album_id, `album_photos`.`thumb_filename` FROM `album_photos`  WHERE `album_photos`.`album_id` IN ('2','1') ORDER BY created DESC
[2017-08-10 16:22:13 0.62051800] ======= FleaPHP End (elapsed: 0.039752 seconds) =======

[2017-08-10 16:27:50 0.30409500] ======= FleaPHP Loaded =======
[2017-08-10 16:27:50] REQUEST_URI: /fleaphp/Example/Album/
[2017-08-10 16:27:50] [debug] :sql: SELECT VERSION()
[2017-08-10 16:27:50] [debug] :sql: SET NAMES 'utf8'
[2017-08-10 16:27:50] [debug] :sql: SHOW FULL COLUMNS FROM `album_albums`
[2017-08-10 16:27:50] [debug] :sql: SELECT  `album_albums`.`album_id` AS flea_pkref_album_id, `album_albums`.* FROM `album_albums`   ORDER BY created DESC
[2017-08-10 16:27:50] [debug] :sql: SHOW FULL COLUMNS FROM `album_photos`
[2017-08-10 16:27:50] [debug] :sql: SELECT `album_photos`.`album_id` AS flea_pkref_album_id, `album_photos`.`thumb_filename` FROM `album_photos`  WHERE `album_photos`.`album_id` IN ('2','1') ORDER BY created DESC
[2017-08-10 16:27:50 0.35207300] ======= FleaPHP End (elapsed: 0.047978 seconds) =======

[2017-08-10 16:27:51 0.01466500] ======= FleaPHP Loaded =======
[2017-08-10 16:27:51] REQUEST_URI: /fleaphp/Example/Album/
[2017-08-10 16:27:51] [debug] :sql: SELECT VERSION()
[2017-08-10 16:27:51] [debug] :sql: SET NAMES 'utf8'
[2017-08-10 16:27:51] [debug] :sql: SELECT  `album_albums`.`album_id` AS flea_pkref_album_id, `album_albums`.* FROM `album_albums`   ORDER BY created DESC
[2017-08-10 16:27:51] [debug] :sql: SELECT `album_photos`.`album_id` AS flea_pkref_album_id, `album_photos`.`thumb_filename` FROM `album_photos`  WHERE `album_photos`.`album_id` IN ('2','1') ORDER BY created DESC
[2017-08-10 16:27:51 0.04956600] ======= FleaPHP End (elapsed: 0.034901 seconds) =======

[2017-09-16 17:35:56 0.22164400] ======= FleaPHP Loaded =======
[2017-09-16 17:35:57] REQUEST_URI: /fleaphp/Example/MVC-Blog/index.php?controller=Post&action=index
[2017-09-16 17:35:57] [exception] :FLEA_Db_Exception_SqlQuery: SQL 错误消息: "Unknown database 'fleaphp'"
SQL 语句: "SELECT DATABASE: 'fleaphp' FAILED!"
SQL 错误代码: "7335941".
[2017-09-16 17:35:57 0.27068600] ======= FleaPHP End (elapsed: 1.049042 seconds) =======

[2017-09-16 17:37:36 0.07160800] ======= FleaPHP Loaded =======
[2017-09-16 17:37:37] REQUEST_URI: /fleaphp/Example/MVC-Blog/index.php?controller=Post&action=index
[2017-09-16 17:37:37] [debug] :sql: SELECT VERSION()
[2017-09-16 17:37:37] [debug] :sql: SET NAMES 'utf8'
[2017-09-16 17:37:37] [debug] :sql: SHOW FULL COLUMNS FROM `mvcblog_posts`
[2017-09-16 17:37:37] [debug] :sql: SELECT  `mvcblog_posts`.* FROM `mvcblog_posts`  
[2017-09-16 17:37:37 0.12474300] ======= FleaPHP End (elapsed: 1.053135 seconds) =======

[2017-09-16 17:38:47 0.21525900] ======= FleaPHP Loaded =======
[2017-09-16 17:38:48] REQUEST_URI: /fleaphp/Example/MVC-Blog/index.php?controller=Post&action=index
[2017-09-16 17:38:48] [debug] :sql: SELECT VERSION()
[2017-09-16 17:38:48] [debug] :sql: SET NAMES 'utf8'
[2017-09-16 17:38:48] [debug] :sql: SHOW FULL COLUMNS FROM `mvcblog_posts`
[2017-09-16 17:38:48] [debug] :sql: SELECT  `mvcblog_posts`.* FROM `mvcblog_posts`  
[2017-09-16 17:38:48 0.24640200] ======= FleaPHP End (elapsed: 1.031143 seconds) =======

[2017-09-16 17:38:48 0.85859100] ======= FleaPHP Loaded =======
[2017-09-16 17:38:49] REQUEST_URI: /fleaphp/Example/MVC-Blog/index.php?controller=Post&action=index
[2017-09-16 17:38:49] [debug] :sql: SELECT VERSION()
[2017-09-16 17:38:49] [debug] :sql: SET NAMES 'utf8'
[2017-09-16 17:38:49] [debug] :sql: SELECT  `mvcblog_posts`.* FROM `mvcblog_posts`  
[2017-09-16 17:38:49 0.88806100] ======= FleaPHP End (elapsed: 1.029470 seconds) =======

[2017-09-16 17:38:49 0.89784600] ======= FleaPHP Loaded =======
[2017-09-16 17:38:50] REQUEST_URI: /fleaphp/Example/MVC-Blog/index.php?controller=Post&action=index
[2017-09-16 17:38:50] [debug] :sql: SELECT VERSION()
[2017-09-16 17:38:50] [debug] :sql: SET NAMES 'utf8'
[2017-09-16 17:38:50] [debug] :sql: SELECT  `mvcblog_posts`.* FROM `mvcblog_posts`  
[2017-09-16 17:38:50 0.92572400] ======= FleaPHP End (elapsed: 1.027878 seconds) =======

[2017-09-16 17:38:50 0.93529300] ======= FleaPHP Loaded =======
[2017-09-16 17:38:51] REQUEST_URI: /fleaphp/Example/MVC-Blog/index.php?controller=Post&action=index
[2017-09-16 17:38:51] [debug] :sql: SELECT VERSION()
[2017-09-16 17:38:51] [debug] :sql: SET NAMES 'utf8'
[2017-09-16 17:38:51] [debug] :sql: SELECT  `mvcblog_posts`.* FROM `mvcblog_posts`  
[2017-09-16 17:38:51 0.97164500] ======= FleaPHP End (elapsed: 1.036352 seconds) =======

[2017-09-16 17:40:56 0.96403500] ======= FleaPHP Loaded =======
[2017-09-16 17:40:57] REQUEST_URI: /fleaphp/Example/MVC-Blog/index.php?controller=Post&action=index
[2017-09-16 17:40:57] [debug] :sql: SELECT VERSION()
[2017-09-16 17:40:57] [debug] :sql: SET NAMES 'utf8'
[2017-09-16 17:40:57] [debug] :sql: SHOW FULL COLUMNS FROM `mvcblog_posts`
[2017-09-16 17:40:57] [debug] :sql: SELECT  `mvcblog_posts`.* FROM `mvcblog_posts`  
[2017-09-16 17:40:58 0.00010700] ======= FleaPHP End (elapsed: 1.036072 seconds) =======

[2017-09-16 17:41:02 0.92250900] ======= FleaPHP Loaded =======
[2017-09-16 17:41:03] REQUEST_URI: /fleaphp/Example/MVC-Blog/index.php?controller=Post&action=Add
[2017-09-16 17:41:03] [debug] :sql: SELECT VERSION()
[2017-09-16 17:41:03] [debug] :sql: SET NAMES 'utf8'
[2017-09-16 17:41:03 0.93692800] ======= FleaPHP End (elapsed: 1.014419 seconds) =======

[2017-09-16 17:41:26 0.32523600] ======= FleaPHP Loaded =======
[2017-09-16 17:41:27] REQUEST_URI: /fleaphp/Example/MVC-Blog/index.php?controller=Post&action=index
[2017-09-16 17:41:27] [debug] :sql: SELECT VERSION()
[2017-09-16 17:41:27] [debug] :sql: SET NAMES 'utf8'
[2017-09-16 17:41:27] [debug] :sql: SHOW FULL COLUMNS FROM `mvcblog_posts`
[2017-09-16 17:41:27] [debug] :sql: SELECT  `mvcblog_posts`.* FROM `mvcblog_posts`  
[2017-09-16 17:41:27 0.35406900] ======= FleaPHP End (elapsed: 1.028833 seconds) =======

[2017-09-16 17:41:32 0.62885100] ======= FleaPHP Loaded =======
[2017-09-16 17:41:33] REQUEST_URI: /fleaphp/Example/MVC-Blog/index.php?controller=Post&action=Add
[2017-09-16 17:41:33] [debug] :sql: SELECT VERSION()
[2017-09-16 17:41:33] [debug] :sql: SET NAMES 'utf8'
[2017-09-16 17:41:33 0.64560600] ======= FleaPHP End (elapsed: 1.016755 seconds) =======

[2017-09-16 17:41:49 0.85464300] ======= FleaPHP Loaded =======
[2017-09-16 17:41:50] REQUEST_URI: /fleaphp/Example/MVC-Blog/index.php?controller=Post&action=Save
[2017-09-16 17:41:50] [debug] :sql: SELECT VERSION()
[2017-09-16 17:41:50] [debug] :sql: SET NAMES 'utf8'
[2017-09-16 17:41:50] [debug] :sql: SHOW FULL COLUMNS FROM `mvcblog_posts`
[2017-09-16 17:41:50] [debug] :sql: INSERT INTO `mvcblog_posts` (`title`, `body`, `created`, `updated`) VALUES ('今夜好美','今天晚上好美啊。','2017-09-16 17:41:50','2017-09-16 17:41:50')
[2017-09-16 17:41:50 0.89825100] ======= FleaPHP End (elapsed: 1.043608 seconds) =======

[2017-09-16 17:41:50 0.90907500] ======= FleaPHP Loaded =======
[2017-09-16 17:41:51] REQUEST_URI: /fleaphp/Example/MVC-Blog/index.php?controller=Post&action=Index
[2017-09-16 17:41:51] [debug] :sql: SELECT VERSION()
[2017-09-16 17:41:51] [debug] :sql: SET NAMES 'utf8'
[2017-09-16 17:41:51] [debug] :sql: SELECT  `mvcblog_posts`.* FROM `mvcblog_posts`  
[2017-09-16 17:41:51 0.92427800] ======= FleaPHP End (elapsed: 1.015203 seconds) =======

