[2017-08-08 14:07:29 0.74039500] ======= FleaPHP Loaded =======
[2017-08-08 14:07:29] REQUEST_URI: /fleaphp/Guestbook/
[2017-08-08 14:07:29] [debug] :sql: SELECT VERSION()
[2017-08-08 14:07:29] [debug] :sql: SET NAMES 'utf8'
[2017-08-08 14:07:29] [debug] :sql: SHOW FULL COLUMNS FROM `guestbook`
[2017-08-08 14:07:29] [exception] :FLEA_Db_Exception_SqlQuery: SQL 错误消息: "Table 'fleaphp.guestbook' doesn't exist"
SQL 语句: "SHOW FULL COLUMNS FROM `guestbook`"
SQL 错误代码: "7335941".
[2017-08-08 14:07:29 0.88949400] ======= FleaPHP End (elapsed: 0.149099 seconds) =======

[2017-09-17 08:52:56 0.13223300] ======= FleaPHP Loaded =======
[2017-09-17 08:52:57] REQUEST_URI: /fleaphp/testDB/test1.php
[2017-09-17 08:52:57] [exception] :FLEA_Db_Exception_SqlQuery: SQL 错误消息: "Access denied for user 'root'@'localhost' (using password: NO)"
SQL 语句: "mysql_connect('localhost', 'root') failed!"
SQL 错误代码: "7335941".
[2017-09-17 08:52:57 0.38294600] ======= FleaPHP End (elapsed: 1.250713 seconds) =======

[2017-09-17 08:53:07 0.49980100] ======= FleaPHP Loaded =======
[2017-09-17 08:53:08] REQUEST_URI: /fleaphp/testDB/test1.php
[2017-09-17 08:53:08] [debug] :sql: SELECT VERSION()
[2017-09-17 08:53:08] [debug] :sql: SET NAMES 'utf8'
[2017-09-17 08:53:08 0.54371400] ======= FleaPHP End (elapsed: 1.043913 seconds) =======

[2017-09-17 08:53:56 0.97183400] ======= FleaPHP Loaded =======
[2017-09-17 08:53:57] REQUEST_URI: /fleaphp/testDB/test1.php
[2017-09-17 08:53:57] [debug] :sql: SELECT VERSION()
[2017-09-17 08:53:57] [debug] :sql: SET NAMES 'utf8'
[2017-09-17 08:53:57 0.98201700] ======= FleaPHP End (elapsed: 1.010183 seconds) =======

[2017-09-17 09:11:37 0.45278000] ======= FleaPHP Loaded =======
[2017-09-17 09:11:38] REQUEST_URI: /fleaphp/testDB/test1.php
[2017-09-17 09:11:38] [debug] :sql: SELECT VERSION()
[2017-09-17 09:11:38] [debug] :sql: SET NAMES 'utf8'
[2017-09-17 09:11:38] [debug] :sql: SHOW FULL COLUMNS FROM `posts`
[2017-09-17 09:11:38] [debug] :sql: INSERT INTO `posts` (`created`, `updated`) VALUES (1505610698,1505610698)
[2017-09-17 09:11:38 0.56381200] ======= FleaPHP End (elapsed: 1.111032 seconds) =======

[2017-09-17 09:12:17 0.22938200] ======= FleaPHP Loaded =======
[2017-09-17 09:12:18] REQUEST_URI: /fleaphp/testDB/test1.php
[2017-09-17 09:12:18] [debug] :sql: SELECT VERSION()
[2017-09-17 09:12:18] [debug] :sql: SET NAMES 'utf8'
[2017-09-17 09:12:18] [debug] :sql: SHOW FULL COLUMNS FROM `posts`
[2017-09-17 09:12:18] [debug] :sql: INSERT INTO `posts` (`title`, `body`, `created`, `updated`) VALUES ('First Post','First Post body',1505610738,1505610738)
[2017-09-17 09:12:18 0.26777200] ======= FleaPHP End (elapsed: 1.038390 seconds) =======

[2017-09-17 09:12:18 0.30760500] ======= FleaPHP Loaded =======
[2017-09-17 09:12:19] REQUEST_URI: /fleaphp/testDB/test1.php
[2017-09-17 09:12:19] [debug] :sql: SELECT VERSION()
[2017-09-17 09:12:19] [debug] :sql: SET NAMES 'utf8'
[2017-09-17 09:12:19] [debug] :sql: INSERT INTO `posts` (`title`, `body`, `created`, `updated`) VALUES ('First Post','First Post body',1505610739,1505610739)
[2017-09-17 09:12:19 0.33278300] ======= FleaPHP End (elapsed: 1.025178 seconds) =======

[2017-09-17 09:12:34 0.71511700] ======= FleaPHP Loaded =======
[2017-09-17 09:12:35] REQUEST_URI: /fleaphp/testDB/test1.php
[2017-09-17 09:12:35] [debug] :sql: SELECT VERSION()
[2017-09-17 09:12:35] [debug] :sql: SET NAMES 'utf8'
[2017-09-17 09:12:35] [debug] :sql: SHOW FULL COLUMNS FROM `posts`
[2017-09-17 09:12:35] [debug] :sql: INSERT INTO `posts` (`title`, `body`, `created`, `updated`) VALUES ('First Post','First Post body',1505610755,1505610755)
[2017-09-17 09:12:35 0.75335300] ======= FleaPHP End (elapsed: 1.038236 seconds) =======

[2017-09-17 09:12:38 0.57031500] ======= FleaPHP Loaded =======
[2017-09-17 09:12:39] REQUEST_URI: /fleaphp/testDB/test1.php
[2017-09-17 09:12:39] [debug] :sql: SELECT VERSION()
[2017-09-17 09:12:39] [debug] :sql: SET NAMES 'utf8'
[2017-09-17 09:12:39] [debug] :sql: INSERT INTO `posts` (`title`, `body`, `created`, `updated`) VALUES ('First Post','First Post body',1505610759,1505610759)
[2017-09-17 09:12:39 0.60330700] ======= FleaPHP End (elapsed: 1.032992 seconds) =======

[2017-09-17 09:23:14 0.32371900] ======= FleaPHP Loaded =======
[2017-09-17 09:23:15] REQUEST_URI: /fleaphp/testDB/test1.php
[2017-09-17 09:23:15] [debug] :sql: SELECT VERSION()
[2017-09-17 09:23:15] [debug] :sql: SET NAMES 'utf8'
[2017-09-17 09:23:15] [debug] :sql: SHOW FULL COLUMNS FROM `posts`
[2017-09-17 09:23:15] [debug] :sql: INSERT INTO `posts` (`title`, `body`, `created`, `updated`) VALUES ('First Post','First Post body',1505611395,1505611395)
[2017-09-17 09:23:15] [debug] :sql: SELECT  `posts`.* FROM `posts`  WHERE `posts`.`post_id` = 6  LIMIT 1
[2017-09-17 09:23:15 0.37634400] ======= FleaPHP End (elapsed: 1.052625 seconds) =======

[2017-09-17 09:26:25 0.54612300] ======= FleaPHP Loaded =======
[2017-09-17 09:26:26] REQUEST_URI: /fleaphp/testDB/test1.php
[2017-09-17 09:26:26] [debug] :sql: SELECT VERSION()
[2017-09-17 09:26:26] [debug] :sql: SET NAMES 'utf8'
[2017-09-17 09:26:26] [debug] :sql: SHOW FULL COLUMNS FROM `posts`
[2017-09-17 09:26:26] [debug] :sql: INSERT INTO `posts` (`title`, `body`, `created`, `updated`) VALUES ('First Post','First Post body',1505611586,1505611586)
[2017-09-17 09:26:26] [debug] :sql: SELECT  `posts`.* FROM `posts`  WHERE `posts`.`post_id` = 7  LIMIT 1
[2017-09-17 09:26:26] [debug] :sql: UPDATE `posts` SET `title`='new title',`body`='First Post body',`created`='1505611586',`updated`=1505611586 WHERE `posts`.`post_id` = '7'
[2017-09-17 09:26:26] [debug] :sql: SELECT  `posts`.* FROM `posts`  WHERE `posts`.`post_id` = 7  LIMIT 1
[2017-09-17 09:26:26 0.58930600] ======= FleaPHP End (elapsed: 1.043183 seconds) =======

[2017-09-17 09:33:58 0.74168100] ======= FleaPHP Loaded =======
[2017-09-17 09:33:59] REQUEST_URI: /fleaphp/testDB/test1.php
[2017-09-17 09:33:59] [debug] :sql: SELECT VERSION()
[2017-09-17 09:33:59] [debug] :sql: SET NAMES 'utf8'
[2017-09-17 09:33:59] [debug] :sql: SHOW FULL COLUMNS FROM `posts`
[2017-09-17 09:33:59] [debug] :sql: SELECT  `posts`.* FROM `posts`  WHERE `posts`.`postid` = 7 
[2017-09-17 09:33:59] [exception] :FLEA_Db_Exception_SqlQuery: SQL 错误消息: "Unknown column 'posts.postid' in 'where clause'"
SQL 语句: "SELECT  `posts`.* FROM `posts`  WHERE `posts`.`postid` = 7 "
SQL 错误代码: "7335941".
[2017-09-17 09:33:59 0.78535300] ======= FleaPHP End (elapsed: 1.043672 seconds) =======

[2017-09-17 09:34:09 0.82896600] ======= FleaPHP Loaded =======
[2017-09-17 09:34:10] REQUEST_URI: /fleaphp/testDB/test1.php
[2017-09-17 09:34:10] [debug] :sql: SELECT VERSION()
[2017-09-17 09:34:10] [debug] :sql: SET NAMES 'utf8'
[2017-09-17 09:34:10] [debug] :sql: SHOW FULL COLUMNS FROM `posts`
[2017-09-17 09:34:10] [debug] :sql: SELECT  `posts`.* FROM `posts`  WHERE `posts`.`post_id` = 7 
[2017-09-17 09:34:10 0.85269800] ======= FleaPHP End (elapsed: 1.023732 seconds) =======

[2017-09-17 09:34:41 0.87574700] ======= FleaPHP Loaded =======
[2017-09-17 09:34:42] REQUEST_URI: /fleaphp/testDB/test1.php
[2017-09-17 09:34:42] [debug] :sql: SELECT VERSION()
[2017-09-17 09:34:42] [debug] :sql: SET NAMES 'utf8'
[2017-09-17 09:34:42] [debug] :sql: SHOW FULL COLUMNS FROM `posts`
[2017-09-17 09:34:42] [debug] :sql: SELECT  `posts`.* FROM `posts`  WHERE `posts`.`title` = 'First Post' 
[2017-09-17 09:34:42 0.90034900] ======= FleaPHP End (elapsed: 1.024602 seconds) =======

[2017-09-17 09:37:27 0.82550600] ======= FleaPHP Loaded =======
[2017-09-17 09:37:28] REQUEST_URI: /fleaphp/testDB/test1.php
[2017-09-17 09:37:28] [debug] :sql: SELECT VERSION()
[2017-09-17 09:37:28] [debug] :sql: SET NAMES 'utf8'
[2017-09-17 09:37:28] [debug] :sql: SHOW FULL COLUMNS FROM `posts`
[2017-09-17 09:37:28] [debug] :sql: SELECT  `posts`.* FROM `posts`  WHERE `posts`.`title` = 'First Post' 
[2017-09-17 09:37:28] [debug] :sql: DELETE FROM `posts` WHERE `posts`.`post_id` = '2'
[2017-09-17 09:37:28] [debug] :sql: DELETE FROM `posts` WHERE `posts`.`post_id` = '3'
[2017-09-17 09:37:28] [debug] :sql: DELETE FROM `posts` WHERE `posts`.`post_id` = '4'
[2017-09-17 09:37:28] [debug] :sql: DELETE FROM `posts` WHERE `posts`.`post_id` = '5'
[2017-09-17 09:37:28] [debug] :sql: DELETE FROM `posts` WHERE `posts`.`post_id` = '6'
[2017-09-17 09:37:28 0.86177700] ======= FleaPHP End (elapsed: 1.036271 seconds) =======

[2017-09-17 10:18:34 0.66618500] ======= FleaPHP Loaded =======
[2017-09-17 10:18:35] REQUEST_URI: /fleaphp/testDB/test2.php
[2017-09-17 10:18:35] [debug] :sql: SELECT VERSION()
[2017-09-17 10:18:35] [debug] :sql: SET NAMES 'utf8'
[2017-09-17 10:18:35] [debug] :sql: SHOW FULL COLUMNS FROM `users`
[2017-09-17 10:18:35] [debug] :sql: INSERT INTO `users` (`username`) VALUES ('guomin')
[2017-09-17 10:18:35 0.71167800] ======= FleaPHP End (elapsed: 1.045493 seconds) =======

[2017-09-17 10:18:35 0.75582500] ======= FleaPHP Loaded =======
[2017-09-17 10:18:36] REQUEST_URI: /fleaphp/testDB/test2.php
[2017-09-17 10:18:36] [debug] :sql: SELECT VERSION()
[2017-09-17 10:18:36] [debug] :sql: SET NAMES 'utf8'
[2017-09-17 10:18:36] [debug] :sql: INSERT INTO `users` (`username`) VALUES ('guomin')
[2017-09-17 10:18:36 0.78109400] ======= FleaPHP End (elapsed: 1.025269 seconds) =======

[2017-09-17 10:18:51 0.87889400] ======= FleaPHP Loaded =======
[2017-09-17 10:18:52] REQUEST_URI: /fleaphp/testDB/test2.php
[2017-09-17 10:18:52] [debug] :sql: SELECT VERSION()
[2017-09-17 10:18:52] [debug] :sql: SET NAMES 'utf8'
[2017-09-17 10:18:52] [debug] :sql: SHOW FULL COLUMNS FROM `users`
[2017-09-17 10:18:52] [debug] :sql: INSERT INTO `users` (`username`) VALUES ('guomin')
[2017-09-17 10:18:52 0.91625200] ======= FleaPHP End (elapsed: 1.037358 seconds) =======

[2017-09-17 10:19:35 0.84991500] ======= FleaPHP Loaded =======
[2017-09-17 10:19:36] REQUEST_URI: /fleaphp/testDB/test2.php
[2017-09-17 10:19:36] [debug] :sql: SELECT VERSION()
[2017-09-17 10:19:36] [debug] :sql: SET NAMES 'utf8'
[2017-09-17 10:19:36] [debug] :sql: SHOW FULL COLUMNS FROM `users`
[2017-09-17 10:19:36] [debug] :sql: INSERT INTO `users` (`username`) VALUES ('guomin')
[2017-09-17 10:19:36 0.88791000] ======= FleaPHP End (elapsed: 1.037995 seconds) =======

[2017-09-17 10:26:58 0.16048700] ======= FleaPHP Loaded =======
[2017-09-17 10:26:59] REQUEST_URI: /fleaphp/testDB/test2.php
[2017-09-17 10:26:59] [debug] :sql: SELECT VERSION()
[2017-09-17 10:26:59] [debug] :sql: SET NAMES 'utf8'
[2017-09-17 10:26:59] [debug] :sql: SHOW FULL COLUMNS FROM `users`
[2017-09-17 10:26:59] [debug] :sql: INSERT INTO `users` (`username`) VALUES ('guomin')
[2017-09-17 10:26:59] [debug] :sql: SHOW FULL COLUMNS FROM `profiles`
[2017-09-17 10:26:59] [debug] :sql: INSERT INTO `profiles` (`address`) VALUES ('sichuan zigong')
[2017-09-17 10:26:59] [debug] :sql: SELECT  `users`.`user_id` AS flea_pkref_user_id, `users`.* FROM `users`  WHERE `users`.`user_id` = 5  LIMIT 1
[2017-09-17 10:26:59] [debug] :sql: SELECT `profiles`.`user_id` AS flea_pkref_user_id, `profiles`.* FROM `profiles`  WHERE `profiles`.`user_id` IN ('5')
[2017-09-17 10:26:59 0.21705200] ======= FleaPHP End (elapsed: 1.056565 seconds) =======

[2017-09-17 10:27:27 0.84133700] ======= FleaPHP Loaded =======
[2017-09-17 10:27:28] REQUEST_URI: /fleaphp/testDB/test2.php
[2017-09-17 10:27:28] [debug] :sql: SELECT VERSION()
[2017-09-17 10:27:28] [debug] :sql: SET NAMES 'utf8'
[2017-09-17 10:27:28] [debug] :sql: SHOW FULL COLUMNS FROM `users`
[2017-09-17 10:27:28] [debug] :sql: INSERT INTO `users` (`username`) VALUES ('guomin')
[2017-09-17 10:27:28] [debug] :sql: SHOW FULL COLUMNS FROM `profiles`
[2017-09-17 10:27:28] [debug] :sql: INSERT INTO `profiles` (`address`, `postcode`) VALUES ('sichuan zigong','654000')
[2017-09-17 10:27:28] [debug] :sql: SELECT  `users`.`user_id` AS flea_pkref_user_id, `users`.* FROM `users`  WHERE `users`.`user_id` = 6  LIMIT 1
[2017-09-17 10:27:28] [debug] :sql: SHOW FULL COLUMNS FROM `profiles`
[2017-09-17 10:27:28] [debug] :sql: SELECT `profiles`.`user_id` AS flea_pkref_user_id, `profiles`.* FROM `profiles`  WHERE `profiles`.`user_id` IN ('6')
[2017-09-17 10:27:28 0.88862400] ======= FleaPHP End (elapsed: 1.047287 seconds) =======

[2017-09-17 10:28:37 0.99865500] ======= FleaPHP Loaded =======
[2017-09-17 10:28:39] REQUEST_URI: /fleaphp/testDB/test2.php
[2017-09-17 10:28:39] [debug] :sql: SELECT VERSION()
[2017-09-17 10:28:39] [debug] :sql: SET NAMES 'utf8'
[2017-09-17 10:28:39] [debug] :sql: SHOW FULL COLUMNS FROM `users`
[2017-09-17 10:28:39] [debug] :sql: INSERT INTO `users` (`username`) VALUES ('guomin')
[2017-09-17 10:28:39] [debug] :sql: SHOW FULL COLUMNS FROM `profiles`
[2017-09-17 10:28:39] [debug] :sql: INSERT INTO `profiles` (`address`, `postcode`) VALUES ('sichuan zigong','654000')
[2017-09-17 10:28:39] [debug] :sql: SELECT  `users`.`user_id` AS flea_pkref_user_id, `users`.* FROM `users`  WHERE `users`.`user_id` = 7  LIMIT 1
[2017-09-17 10:28:39] [debug] :sql: SHOW FULL COLUMNS FROM `profiles`
[2017-09-17 10:28:39] [debug] :sql: SELECT `profiles`.`user_id` AS flea_pkref_user_id, `profiles`.* FROM `profiles`  WHERE `profiles`.`user_id` IN ('7')
[2017-09-17 10:28:39 0.04748200] ======= FleaPHP End (elapsed: 1.048827 seconds) =======

[2017-09-17 10:30:25 0.97463100] ======= FleaPHP Loaded =======
[2017-09-17 10:30:26] REQUEST_URI: /fleaphp/testDB/test2.php
[2017-09-17 10:30:26] [debug] :sql: SELECT VERSION()
[2017-09-17 10:30:26] [debug] :sql: SET NAMES 'utf8'
[2017-09-17 10:30:26] [debug] :sql: SHOW FULL COLUMNS FROM `users`
[2017-09-17 10:30:27] [debug] :sql: INSERT INTO `users` (`username`) VALUES ('guomin')
[2017-09-17 10:30:27] [debug] :sql: SHOW FULL COLUMNS FROM `profiles`
[2017-09-17 10:30:27] [debug] :sql: INSERT INTO `profiles` (`address`, `postcode`) VALUES ('sichuan zigong','654000')
[2017-09-17 10:30:27] [debug] :sql: SELECT  `users`.`user_id` AS flea_pkref_user_id, `users`.* FROM `users`  WHERE `users`.`user_id` = 8  LIMIT 1
[2017-09-17 10:30:27] [debug] :sql: SHOW FULL COLUMNS FROM `profiles`
[2017-09-17 10:30:27] [debug] :sql: SELECT `profiles`.`user_id` AS flea_pkref_user_id, `profiles`.* FROM `profiles`  WHERE `profiles`.`user_id` IN ('8')
[2017-09-17 10:30:27 0.03664600] ======= FleaPHP End (elapsed: 1.062015 seconds) =======

[2017-09-17 10:31:24 0.37395300] ======= FleaPHP Loaded =======
[2017-09-17 10:31:25] REQUEST_URI: /fleaphp/testDB/test2.php
[2017-09-17 10:31:25] [debug] :sql: SELECT VERSION()
[2017-09-17 10:31:25] [debug] :sql: SET NAMES 'utf8'
[2017-09-17 10:31:25] [debug] :sql: SHOW FULL COLUMNS FROM `users`
[2017-09-17 10:31:25] [debug] :sql: INSERT INTO `users` (`username`) VALUES ('guomin')
[2017-09-17 10:31:25] [debug] :sql: SHOW FULL COLUMNS FROM `profiles`
[2017-09-17 10:31:25] [debug] :sql: INSERT INTO `profiles` (`address`, `postcode`, `user_id`) VALUES ('sichuan zigong','654000',9)
[2017-09-17 10:31:25] [debug] :sql: SELECT  `users`.`user_id` AS flea_pkref_user_id, `users`.* FROM `users`  WHERE `users`.`user_id` = 9  LIMIT 1
[2017-09-17 10:31:25] [debug] :sql: SHOW FULL COLUMNS FROM `profiles`
[2017-09-17 10:31:25] [debug] :sql: SELECT `profiles`.`user_id` AS flea_pkref_user_id, `profiles`.* FROM `profiles`  WHERE `profiles`.`user_id` IN ('9')
[2017-09-17 10:31:25 0.43432600] ======= FleaPHP End (elapsed: 1.060373 seconds) =======

